<?xml version="1.0" encoding="UTF-8"?>
<!-- Generated by org.testng.reporters.JUnitXMLReporter -->
<testsuite hostname="Personal-PC" ignored="0" name="Default test" tests="5" failures="0" timestamp="06 Sep 2018 05:52:05 GMT" time="66.83" errors="0">
  <testcase name="verifyHomePageTest" time="0.078" classname="orangehrm.test.HomePageTest"/>
  <testcase name="verifyclickLeaveLinkTest" time="5.727" classname="orangehrm.test.HomePageTest"/>
  <testcase name="verifyClickTimeLinkPage" time="3.645" classname="orangehrm.test.HomePageTest"/>
  <testcase name="verifyClickMyInfoLinkPage" time="4.597" classname="orangehrm.test.HomePageTest"/>
  <testcase name="veriftClickDashboardLinkPage" time="3.163" classname="orangehrm.test.HomePageTest"/>
</testsuite> <!-- Default test -->
