<?xml version="1.0" encoding="UTF-8"?>
<testng-results skipped="0" failed="0" ignored="0" total="2" passed="2">
  <reporter-output>
  </reporter-output>
  <suite name="Default suite" duration-ms="31683" started-at="2018-09-06T06:38:33Z" finished-at="2018-09-06T06:39:04Z">
    <groups>
    </groups>
    <test name="Default test" duration-ms="31683" started-at="2018-09-06T06:38:33Z" finished-at="2018-09-06T06:39:04Z">
      <class name="orangehrm.test.LeavePageTest">
        <test-method status="PASS" signature="setUp()[pri:0, instance:orangehrm.test.LeavePageTest@29774679]" name="setUp" is-config="true" duration-ms="11868" started-at="2018-09-06T06:38:33Z" finished-at="2018-09-06T06:38:45Z">
          <reporter-output>
          </reporter-output>
        </test-method> <!-- setUp -->
        <test-method status="PASS" signature="verifyClickApplyLeaveLink()[pri:1, instance:orangehrm.test.LeavePageTest@29774679]" name="verifyClickApplyLeaveLink" duration-ms="1201" started-at="2018-09-06T06:38:45Z" finished-at="2018-09-06T06:38:46Z">
          <reporter-output>
          </reporter-output>
        </test-method> <!-- verifyClickApplyLeaveLink -->
        <test-method status="PASS" signature="setUp()[pri:0, instance:orangehrm.test.LeavePageTest@29774679]" name="setUp" is-config="true" duration-ms="17211" started-at="2018-09-06T06:38:46Z" finished-at="2018-09-06T06:39:03Z">
          <reporter-output>
          </reporter-output>
        </test-method> <!-- setUp -->
        <test-method status="PASS" signature="verifyClickMyLeaveLink()[pri:2, instance:orangehrm.test.LeavePageTest@29774679]" name="verifyClickMyLeaveLink" duration-ms="1373" started-at="2018-09-06T06:39:03Z" finished-at="2018-09-06T06:39:04Z">
          <reporter-output>
          </reporter-output>
        </test-method> <!-- verifyClickMyLeaveLink -->
      </class> <!-- orangehrm.test.LeavePageTest -->
    </test> <!-- Default test -->
  </suite> <!-- Default suite -->
</testng-results>
